#
# A fatal error has been detected by the Java Runtime Environment:
#
#  Internal Error (methodData.cpp:1025), pid=702, tid=0x0000000000004703
#  Error: ShouldNotReachHere()
#
# JRE version: Java(TM) SE Runtime Environment (8.0_111-b14) (build 1.8.0_111-b14)
# Java VM: Java HotSpot(TM) 64-Bit Server VM (25.111-b14 mixed mode bsd-amd64 compressed oops)
# Failed to write core dump. Core dumps have been disabled. To enable core dumping, try "ulimit -c unlimited" before starting Java again
#
# If you would like to submit a bug report, please visit:
#   http://bugreport.java.com/bugreport/crash.jsp
#

---------------  T H R E A D  ---------------

Current thread (0x00007fb6f103f000):  JavaThread "C1 CompilerThread2" daemon [_thread_in_vm, id=18179, stack(0x000070000b49e000,0x000070000b59e000)]

Stack: [0x000070000b49e000,0x000070000b59e000],  sp=0x000070000b59d0e0,  free space=1020k
Native frames: (J=compiled Java code, j=interpreted, Vv=VM code, C=native code)
V  [libjvm.dylib+0x5afbde]
V  [libjvm.dylib+0x1e74a3]
V  [libjvm.dylib+0x452c39]
V  [libjvm.dylib+0x170eb9]
V  [libjvm.dylib+0x170877]
V  [libjvm.dylib+0x16cd61]
V  [libjvm.dylib+0x16ceb5]
V  [libjvm.dylib+0xe7f59]
V  [libjvm.dylib+0xe81a3]
V  [libjvm.dylib+0xe83b8]
V  [libjvm.dylib+0xe8b3a]
V  [libjvm.dylib+0x1b6340]
V  [libjvm.dylib+0x1b8887]
V  [libjvm.dylib+0x56a27b]
V  [libjvm.dylib+0x56b968]
V  [libjvm.dylib+0x489b0a]
C  [libsystem_pthread.dylib+0x393b]  _pthread_body+0xb4
C  [libsystem_pthread.dylib+0x3887]  _pthread_body+0x0
C  [libsystem_pthread.dylib+0x308d]  thread_start+0xd
C  0x0000000000000000


Current CompileTask:
C1:   8134 1555       3       java.util.concurrent.locks.ReentrantLock$NonfairSync::tryAcquire (6 bytes)


---------------  P R O C E S S  ---------------

Java Threads: ( => current thread )
  0x00007fb6f1aa6800 JavaThread "Prism Font Disposer" daemon [_thread_blocked, id=54499, stack(0x000070000bcb9000,0x000070000bdb9000)]
  0x00007fb6f1226000 JavaThread "Abandoned connection cleanup thread" daemon [_thread_blocked, id=50947, stack(0x000070000bbb6000,0x000070000bcb6000)]
  0x00007fb6f298f800 JavaThread "JavaFX-Launcher" [_thread_blocked, id=50179, stack(0x000070000bab3000,0x000070000bbb3000)]
  0x00007fb6f19ad800 JavaThread "Thread-3" daemon [_thread_in_native, id=36867, stack(0x000070000b9ad000,0x000070000ba2d000)]
  0x00007fb6f1199000 JavaThread "JavaFX Application Thread" [_thread_in_native, id=775, stack(0x00007fff50ccb000,0x00007fff514cb000)]
  0x00007fb6f1977800 JavaThread "Thread-1" daemon [_thread_blocked, id=25095, stack(0x000070000b8aa000,0x000070000b9aa000)]
  0x00007fb6f193d800 JavaThread "QuantumRenderer-0" daemon [_thread_blocked, id=19715, stack(0x000070000b7a7000,0x000070000b8a7000)]
  0x00007fb6f182b800 JavaThread "Service Thread" daemon [_thread_blocked, id=18691, stack(0x000070000b5a1000,0x000070000b6a1000)]
=>0x00007fb6f103f000 JavaThread "C1 CompilerThread2" daemon [_thread_in_vm, id=18179, stack(0x000070000b49e000,0x000070000b59e000)]
  0x00007fb6f103e800 JavaThread "C2 CompilerThread1" daemon [_thread_blocked, id=17667, stack(0x000070000b39b000,0x000070000b49b000)]
  0x00007fb6f1828800 JavaThread "C2 CompilerThread0" daemon [_thread_blocked, id=17155, stack(0x000070000b298000,0x000070000b398000)]
  0x00007fb6f185a000 JavaThread "Signal Dispatcher" daemon [_thread_blocked, id=16643, stack(0x000070000b195000,0x000070000b295000)]
  0x00007fb6f1853000 JavaThread "Finalizer" daemon [_thread_blocked, id=12547, stack(0x000070000b092000,0x000070000b192000)]
  0x00007fb6f2813000 JavaThread "Reference Handler" daemon [_thread_blocked, id=12035, stack(0x000070000af8f000,0x000070000b08f000)]
  0x00007fb6f2806000 JavaThread "main" [_thread_blocked, id=3587, stack(0x000070000a7f4000,0x000070000a8f4000)]

Other Threads:
  0x00007fb6f1852800 VMThread [stack: 0x000070000ae8c000,0x000070000af8c000] [id=11523]
  0x00007fb6f185b000 WatcherThread [stack: 0x000070000b6a4000,0x000070000b7a4000] [id=19203]

VM state:not at safepoint (normal execution)

VM Mutex/Monitor currently owned by a thread: None

Heap:
 PSYoungGen      total 38400K, used 19754K [0x0000000795580000, 0x0000000798000000, 0x00000007c0000000)
  eden space 33280K, 44% used [0x0000000795580000,0x00000007963d2940,0x0000000797600000)
  from space 5120K, 99% used [0x0000000797600000,0x0000000797af8070,0x0000000797b00000)
  to   space 5120K, 0% used [0x0000000797b00000,0x0000000797b00000,0x0000000798000000)
 ParOldGen       total 87552K, used 1097K [0x0000000740000000, 0x0000000745580000, 0x0000000795580000)
  object space 87552K, 1% used [0x0000000740000000,0x00000007401124f0,0x0000000745580000)
 Metaspace       used 19875K, capacity 20608K, committed 20864K, reserved 1067008K
  class space    used 2736K, capacity 2922K, committed 2944K, reserved 1048576K

Card table byte_map: [0x00000001103c0000,0x00000001107c1000] byte_map_base: 0x000000010c9c0000

Marking Bits: (ParMarkBitMap*) 0x000000010f0d3d20
 Begin Bits: [0x00000001229bc000, 0x00000001249bc000)
 End Bits:   [0x00000001249bc000, 0x00000001269bc000)

Polling page: 0x000000010f7c8000

CodeCache: size=245760Kb used=5330Kb max_used=5341Kb free=240429Kb
 bounds [0x00000001139bc000, 0x0000000113efc000, 0x00000001229bc000]
 total_blobs=2257 nmethods=1554 adapters=616
 compilation: enabled

Compilation events (10 events):
Event: 7.977 Thread 0x00007fb6f103f000 1551       1       com.sun.prism.impl.ps.BaseShaderContext$State::access$1300 (5 bytes)
Event: 7.977 Thread 0x00007fb6f103f000 nmethod 1551 0x0000000113ef0590 code [0x0000000113ef06e0, 0x0000000113ef07d0]
Event: 7.977 Thread 0x00007fb6f103f000 1552       1       com.sun.prism.impl.BaseTexture::getWrapMode (5 bytes)
Event: 7.977 Thread 0x00007fb6f103f000 nmethod 1552 0x0000000113ef0850 code [0x0000000113ef09a0, 0x0000000113ef0ab0]
Event: 8.042 Thread 0x00007fb6f103f000 1553       3       javafx.scene.Parent::layout (139 bytes)
Event: 8.043 Thread 0x00007fb6f103f000 nmethod 1553 0x0000000113ef0b10 code [0x0000000113ef0d40, 0x0000000113ef1bd8]
Event: 8.124 Thread 0x00007fb6f103f000 1554       3       java.util.concurrent.locks.AbstractQueuedSynchronizer$Node::predecessor (19 bytes)
Event: 8.124 Thread 0x00007fb6f103e800 1556       4       java.util.WeakHashMap$HashIterator::hasNext (95 bytes)
Event: 8.125 Thread 0x00007fb6f103f000 nmethod 1554 0x0000000113ef1f90 code [0x0000000113ef2100, 0x0000000113ef2348]
Event: 8.125 Thread 0x00007fb6f103f000 1555       3       java.util.concurrent.locks.ReentrantLock$NonfairSync::tryAcquire (6 bytes)

GC Heap History (2 events):
Event: 3.753 GC heap before
{Heap before GC invocations=1 (full 0):
 PSYoungGen      total 38400K, used 33280K [0x0000000795580000, 0x0000000798000000, 0x00000007c0000000)
  eden space 33280K, 100% used [0x0000000795580000,0x0000000797600000,0x0000000797600000)
  from space 5120K, 0% used [0x0000000797b00000,0x0000000797b00000,0x0000000798000000)
  to   space 5120K, 0% used [0x0000000797600000,0x0000000797600000,0x0000000797b00000)
 ParOldGen       total 87552K, used 0K [0x0000000740000000, 0x0000000745580000, 0x0000000795580000)
  object space 87552K, 0% used [0x0000000740000000,0x0000000740000000,0x0000000745580000)
 Metaspace       used 16446K, capacity 16998K, committed 17152K, reserved 1064960K
  class space    used 2095K, capacity 2263K, committed 2304K, reserved 1048576K
Event: 3.762 GC heap after
Heap after GC invocations=1 (full 0):
 PSYoungGen      total 38400K, used 5088K [0x0000000795580000, 0x0000000798000000, 0x00000007c0000000)
  eden space 33280K, 0% used [0x0000000795580000,0x0000000795580000,0x0000000797600000)
  from space 5120K, 99% used [0x0000000797600000,0x0000000797af8070,0x0000000797b00000)
  to   space 5120K, 0% used [0x0000000797b00000,0x0000000797b00000,0x0000000798000000)
 ParOldGen       total 87552K, used 1097K [0x0000000740000000, 0x0000000745580000, 0x0000000795580000)
  object space 87552K, 1% used [0x0000000740000000,0x00000007401124f0,0x0000000745580000)
 Metaspace       used 16446K, capacity 16998K, committed 17152K, reserved 1064960K
  class space    used 2095K, capacity 2263K, committed 2304K, reserved 1048576K
}

Deoptimization events (10 events):
Event: 4.076 Thread 0x00007fb6f1199000 Uncommon trap: reason=class_check action=maybe_recompile pc=0x0000000113d24e98 method=java.util.HashMap.putVal(ILjava/lang/Object;Ljava/lang/Object;ZZ)Ljava/lang/Object; @ 203
Event: 4.076 Thread 0x00007fb6f1199000 Uncommon trap: reason=class_check action=maybe_recompile pc=0x0000000113d24e98 method=java.util.HashMap.putVal(ILjava/lang/Object;Ljava/lang/Object;ZZ)Ljava/lang/Object; @ 203
Event: 4.076 Thread 0x00007fb6f1199000 Uncommon trap: reason=class_check action=maybe_recompile pc=0x0000000113d24e98 method=java.util.HashMap.putVal(ILjava/lang/Object;Ljava/lang/Object;ZZ)Ljava/lang/Object; @ 203
Event: 4.076 Thread 0x00007fb6f1199000 Uncommon trap: reason=unstable_if action=reinterpret pc=0x0000000113bebce0 method=java.lang.CharacterData.of(I)Ljava/lang/CharacterData; @ 4
Event: 4.120 Thread 0x00007fb6f1199000 Uncommon trap: reason=class_check action=maybe_recompile pc=0x0000000113ad911c method=java.lang.String.equals(Ljava/lang/Object;)Z @ 8
Event: 4.120 Thread 0x00007fb6f1199000 Uncommon trap: reason=class_check action=maybe_recompile pc=0x0000000113ad911c method=java.lang.String.equals(Ljava/lang/Object;)Z @ 8
Event: 4.120 Thread 0x00007fb6f1199000 Uncommon trap: reason=class_check action=maybe_recompile pc=0x0000000113ad911c method=java.lang.String.equals(Ljava/lang/Object;)Z @ 8
Event: 4.120 Thread 0x00007fb6f1199000 Uncommon trap: reason=class_check action=maybe_recompile pc=0x0000000113ad911c method=java.lang.String.equals(Ljava/lang/Object;)Z @ 8
Event: 4.155 Thread 0x00007fb6f1199000 Uncommon trap: reason=unstable_if action=reinterpret pc=0x0000000113e096ac method=java.lang.ClassLoader.checkName(Ljava/lang/String;)Z @ 20
Event: 4.307 Thread 0x00007fb6f1199000 Uncommon trap: reason=unstable_if action=reinterpret pc=0x0000000113e4f2c4 method=jdk.internal.org.objectweb.asm.Type.getArgumentsAndReturnSizes(Ljava/lang/String;)I @ 47

Internal exceptions (10 events):
Event: 1.011 Thread 0x00007fb6f1199000 Exception <a 'java/security/PrivilegedActionException'> (0x0000000796be0c68) thrown at [/Users/java_re/workspace/8-2-build-macosx-x86_64/jdk8u111/7883/hotspot/src/share/vm/prims/jvm.cpp, line 1386]
Event: 1.011 Thread 0x00007fb6f1199000 Exception <a 'java/security/PrivilegedActionException'> (0x0000000796be5428) thrown at [/Users/java_re/workspace/8-2-build-macosx-x86_64/jdk8u111/7883/hotspot/src/share/vm/prims/jvm.cpp, line 1386]
Event: 1.011 Thread 0x00007fb6f1199000 Exception <a 'java/security/PrivilegedActionException'> (0x0000000796be5820) thrown at [/Users/java_re/workspace/8-2-build-macosx-x86_64/jdk8u111/7883/hotspot/src/share/vm/prims/jvm.cpp, line 1386]
Event: 1.011 Thread 0x00007fb6f1199000 Exception <a 'java/security/PrivilegedActionException'> (0x0000000796bea2d8) thrown at [/Users/java_re/workspace/8-2-build-macosx-x86_64/jdk8u111/7883/hotspot/src/share/vm/prims/jvm.cpp, line 1386]
Event: 1.011 Thread 0x00007fb6f1199000 Exception <a 'java/security/PrivilegedActionException'> (0x0000000796bea6d0) thrown at [/Users/java_re/workspace/8-2-build-macosx-x86_64/jdk8u111/7883/hotspot/src/share/vm/prims/jvm.cpp, line 1386]
Event: 1.012 Thread 0x00007fb6f1199000 Exception <a 'java/security/PrivilegedActionException'> (0x0000000796beed28) thrown at [/Users/java_re/workspace/8-2-build-macosx-x86_64/jdk8u111/7883/hotspot/src/share/vm/prims/jvm.cpp, line 1386]
Event: 1.012 Thread 0x00007fb6f1199000 Exception <a 'java/security/PrivilegedActionException'> (0x0000000796bef120) thrown at [/Users/java_re/workspace/8-2-build-macosx-x86_64/jdk8u111/7883/hotspot/src/share/vm/prims/jvm.cpp, line 1386]
Event: 1.692 Thread 0x00007fb6f1199000 Implicit null exception at 0x0000000113c4cf35 to 0x0000000113c4d2f5
Event: 3.752 Thread 0x00007fb6f1199000 Implicit null exception at 0x0000000113c75335 to 0x0000000113c75571
Event: 3.752 Thread 0x00007fb6f1199000 Implicit null exception at 0x0000000113d22d18 to 0x0000000113d22da6

Events (10 events):
Event: 6.461 loading class javafx/event/Event
Event: 6.462 loading class javafx/event/Event done
Event: 6.462 loading class javafx/event/Event
Event: 6.462 loading class javafx/event/Event done
Event: 6.462 loading class javafx/scene/Node
Event: 6.462 loading class javafx/scene/Node done
Event: 6.464 loading class com/sun/javafx/geometry/BoundsUtils
Event: 6.464 loading class com/sun/javafx/geometry/BoundsUtils done
Event: 6.465 loading class com/sun/prism/shape/ShapeRep$InvalidationType
Event: 6.465 loading class com/sun/prism/shape/ShapeRep$InvalidationType done


Dynamic libraries:
0x000000002a853000 	/System/Library/Frameworks/Cocoa.framework/Versions/A/Cocoa
0x000000002a853000 	/System/Library/Frameworks/Security.framework/Versions/A/Security
0x000000002a853000 	/System/Library/Frameworks/ApplicationServices.framework/Versions/A/ApplicationServices
0x000000002a853000 	/usr/lib/libz.1.dylib
0x000000002a853000 	/usr/lib/libSystem.B.dylib
0x000000002a853000 	/usr/lib/libobjc.A.dylib
0x000000002a853000 	/System/Library/Frameworks/CoreFoundation.framework/Versions/A/CoreFoundation
0x000000002a853000 	/System/Library/Frameworks/Foundation.framework/Versions/C/Foundation
0x000000002a853000 	/System/Library/Frameworks/AppKit.framework/Versions/C/AppKit
0x000000002a853000 	/System/Library/Frameworks/CoreData.framework/Versions/A/CoreData
0x000000002a853000 	/System/Library/PrivateFrameworks/RemoteViewServices.framework/Versions/A/RemoteViewServices
0x000000002a853000 	/System/Library/PrivateFrameworks/UIFoundation.framework/Versions/A/UIFoundation
0x000000002a853000 	/System/Library/PrivateFrameworks/DFRFoundation.framework/Versions/A/DFRFoundation
0x000000002a853000 	/usr/lib/libenergytrace.dylib
0x000000002a853000 	/System/Library/PrivateFrameworks/SkyLight.framework/Versions/A/SkyLight
0x000000002a853000 	/System/Library/Frameworks/CoreGraphics.framework/Versions/A/CoreGraphics
0x000000002a853000 	/usr/lib/libScreenReader.dylib
0x000000002a853000 	/System/Library/Frameworks/Accelerate.framework/Versions/A/Accelerate
0x000000002a853000 	/System/Library/Frameworks/IOSurface.framework/Versions/A/IOSurface
0x000000002a853000 	/System/Library/Frameworks/AudioToolbox.framework/Versions/A/AudioToolbox
0x000000002a853000 	/System/Library/Frameworks/AudioUnit.framework/Versions/A/AudioUnit
0x000000002a853000 	/System/Library/PrivateFrameworks/DataDetectorsCore.framework/Versions/A/DataDetectorsCore
0x000000002a853000 	/System/Library/PrivateFrameworks/DesktopServicesPriv.framework/Versions/A/DesktopServicesPriv
0x000000002a853000 	/System/Library/Frameworks/Carbon.framework/Versions/A/Frameworks/HIToolbox.framework/Versions/A/HIToolbox
0x000000002a853000 	/usr/lib/libicucore.A.dylib
0x000000002a853000 	/System/Library/Frameworks/QuartzCore.framework/Versions/A/QuartzCore
0x000000002a853000 	/System/Library/Frameworks/Carbon.framework/Versions/A/Frameworks/SpeechRecognition.framework/Versions/A/SpeechRecognition
0x000000002a853000 	/usr/lib/libauto.dylib
0x000000002a853000 	/usr/lib/libxml2.2.dylib
0x000000002a853000 	/System/Library/PrivateFrameworks/CoreUI.framework/Versions/A/CoreUI
0x000000002a853000 	/System/Library/Frameworks/CoreAudio.framework/Versions/A/CoreAudio
0x000000002a853000 	/System/Library/Frameworks/DiskArbitration.framework/Versions/A/DiskArbitration
0x000000002a853000 	/usr/lib/liblangid.dylib
0x000000002a853000 	/System/Library/PrivateFrameworks/MultitouchSupport.framework/Versions/A/MultitouchSupport
0x000000002a853000 	/System/Library/Frameworks/IOKit.framework/Versions/A/IOKit
0x000000002a853000 	/usr/lib/libDiagnosticMessagesClient.dylib
0x000000002a853000 	/System/Library/Frameworks/CoreServices.framework/Versions/A/CoreServices
0x000000002a853000 	/System/Library/PrivateFrameworks/PerformanceAnalysis.framework/Versions/A/PerformanceAnalysis
0x000000002a853000 	/System/Library/PrivateFrameworks/GenerationalStorage.framework/Versions/A/GenerationalStorage
0x000000002a853000 	/System/Library/Frameworks/OpenGL.framework/Versions/A/OpenGL
0x000000002a853000 	/System/Library/Frameworks/CoreImage.framework/Versions/A/CoreImage
0x000000002a853000 	/System/Library/Frameworks/CoreText.framework/Versions/A/CoreText
0x000000002a853000 	/System/Library/Frameworks/ImageIO.framework/Versions/A/ImageIO
0x000000002a853000 	/System/Library/PrivateFrameworks/Backup.framework/Versions/A/Backup
0x000000002a853000 	/usr/lib/libarchive.2.dylib
0x000000002a853000 	/System/Library/Frameworks/CFNetwork.framework/Versions/A/CFNetwork
0x000000002a853000 	/System/Library/Frameworks/SystemConfiguration.framework/Versions/A/SystemConfiguration
0x000000002a853000 	/usr/lib/libCRFSuite.dylib
0x000000002a853000 	/usr/lib/libc++.1.dylib
0x000000002a853000 	/usr/lib/libc++abi.dylib
0x000000002a853000 	/usr/lib/system/libcache.dylib
0x000000002a853000 	/usr/lib/system/libcommonCrypto.dylib
0x000000002a853000 	/usr/lib/system/libcompiler_rt.dylib
0x000000002a853000 	/usr/lib/system/libcopyfile.dylib
0x000000002a853000 	/usr/lib/system/libcorecrypto.dylib
0x000000002a853000 	/usr/lib/system/libdispatch.dylib
0x000000002a853000 	/usr/lib/system/libdyld.dylib
0x000000002a853000 	/usr/lib/system/libkeymgr.dylib
0x000000002a853000 	/usr/lib/system/liblaunch.dylib
0x000000002a853000 	/usr/lib/system/libmacho.dylib
0x000000002a853000 	/usr/lib/system/libquarantine.dylib
0x000000002a853000 	/usr/lib/system/libremovefile.dylib
0x000000002a853000 	/usr/lib/system/libsystem_asl.dylib
0x000000002a853000 	/usr/lib/system/libsystem_blocks.dylib
0x000000002a853000 	/usr/lib/system/libsystem_c.dylib
0x000000002a853000 	/usr/lib/system/libsystem_configuration.dylib
0x000000002a853000 	/usr/lib/system/libsystem_coreservices.dylib
0x000000002a853000 	/usr/lib/system/libsystem_coretls.dylib
0x000000002a853000 	/usr/lib/system/libsystem_dnssd.dylib
0x000000002a853000 	/usr/lib/system/libsystem_info.dylib
0x000000002a853000 	/usr/lib/system/libsystem_kernel.dylib
0x000000002a853000 	/usr/lib/system/libsystem_m.dylib
0x000000002a853000 	/usr/lib/system/libsystem_malloc.dylib
0x000000002a853000 	/usr/lib/system/libsystem_network.dylib
0x000000002a853000 	/usr/lib/system/libsystem_networkextension.dylib
0x000000002a853000 	/usr/lib/system/libsystem_notify.dylib
0x000000002a853000 	/usr/lib/system/libsystem_platform.dylib
0x000000002a853000 	/usr/lib/system/libsystem_pthread.dylib
0x000000002a853000 	/usr/lib/system/libsystem_sandbox.dylib
0x000000002a853000 	/usr/lib/system/libsystem_secinit.dylib
0x000000002a853000 	/usr/lib/system/libsystem_symptoms.dylib
0x000000002a853000 	/usr/lib/system/libsystem_trace.dylib
0x000000002a853000 	/usr/lib/system/libunwind.dylib
0x000000002a853000 	/usr/lib/system/libxpc.dylib
0x000000002a853000 	/usr/lib/libbsm.0.dylib
0x000000002a853000 	/usr/lib/system/libkxld.dylib
0x000000002a853000 	/usr/lib/libcoretls.dylib
0x000000002a853000 	/usr/lib/libcoretls_cfhelpers.dylib
0x000000002a853000 	/usr/lib/libOpenScriptingUtil.dylib
0x000000002a853000 	/usr/lib/libpam.2.dylib
0x000000002a853000 	/usr/lib/libsqlite3.dylib
0x000000002a853000 	/usr/lib/libxar.1.dylib
0x000000002a853000 	/usr/lib/libbz2.1.0.dylib
0x000000002a853000 	/usr/lib/liblzma.5.dylib
0x000000002a853000 	/usr/lib/libnetwork.dylib
0x000000002a853000 	/usr/lib/libpcap.A.dylib
0x000000002a853000 	/System/Library/Frameworks/CoreServices.framework/Versions/A/Frameworks/FSEvents.framework/Versions/A/FSEvents
0x000000002a853000 	/System/Library/Frameworks/CoreServices.framework/Versions/A/Frameworks/CarbonCore.framework/Versions/A/CarbonCore
0x000000002a853000 	/System/Library/Frameworks/CoreServices.framework/Versions/A/Frameworks/Metadata.framework/Versions/A/Metadata
0x000000002a853000 	/System/Library/Frameworks/CoreServices.framework/Versions/A/Frameworks/OSServices.framework/Versions/A/OSServices
0x000000002a853000 	/System/Library/Frameworks/CoreServices.framework/Versions/A/Frameworks/SearchKit.framework/Versions/A/SearchKit
0x000000002a853000 	/System/Library/Frameworks/CoreServices.framework/Versions/A/Frameworks/AE.framework/Versions/A/AE
0x000000002a853000 	/System/Library/Frameworks/CoreServices.framework/Versions/A/Frameworks/LaunchServices.framework/Versions/A/LaunchServices
0x000000002a853000 	/System/Library/Frameworks/CoreServices.framework/Versions/A/Frameworks/DictionaryServices.framework/Versions/A/DictionaryServices
0x000000002a853000 	/System/Library/Frameworks/CoreServices.framework/Versions/A/Frameworks/SharedFileList.framework/Versions/A/SharedFileList
0x000000002a853000 	/System/Library/Frameworks/NetFS.framework/Versions/A/NetFS
0x000000002a853000 	/System/Library/PrivateFrameworks/NetAuth.framework/Versions/A/NetAuth
0x000000002a853000 	/System/Library/PrivateFrameworks/login.framework/Versions/A/Frameworks/loginsupport.framework/Versions/A/loginsupport
0x000000002a853000 	/System/Library/PrivateFrameworks/TCC.framework/Versions/A/TCC
0x000000002a853000 	/usr/lib/libmecabra.dylib
0x000000002a853000 	/System/Library/Frameworks/ApplicationServices.framework/Versions/A/Frameworks/ATS.framework/Versions/A/ATS
0x000000002a853000 	/System/Library/Frameworks/ApplicationServices.framework/Versions/A/Frameworks/ColorSync.framework/Versions/A/ColorSync
0x000000002a853000 	/System/Library/Frameworks/ApplicationServices.framework/Versions/A/Frameworks/HIServices.framework/Versions/A/HIServices
0x000000002a853000 	/System/Library/Frameworks/ApplicationServices.framework/Versions/A/Frameworks/LangAnalysis.framework/Versions/A/LangAnalysis
0x000000002a853000 	/System/Library/Frameworks/ApplicationServices.framework/Versions/A/Frameworks/PrintCore.framework/Versions/A/PrintCore
0x000000002a853000 	/System/Library/Frameworks/ApplicationServices.framework/Versions/A/Frameworks/QD.framework/Versions/A/QD
0x000000002a853000 	/System/Library/Frameworks/ApplicationServices.framework/Versions/A/Frameworks/SpeechSynthesis.framework/Versions/A/SpeechSynthesis
0x000000002a853000 	/System/Library/Frameworks/Accelerate.framework/Versions/A/Frameworks/vImage.framework/Versions/A/vImage
0x000000002a853000 	/System/Library/Frameworks/Accelerate.framework/Versions/A/Frameworks/vecLib.framework/Versions/A/vecLib
0x000000002a853000 	/System/Library/Frameworks/Accelerate.framework/Versions/A/Frameworks/vecLib.framework/Versions/A/libvDSP.dylib
0x000000002a853000 	/System/Library/Frameworks/Accelerate.framework/Versions/A/Frameworks/vecLib.framework/Versions/A/libBNNS.dylib
0x000000002a853000 	/System/Library/Frameworks/Accelerate.framework/Versions/A/Frameworks/vecLib.framework/Versions/A/libQuadrature.dylib
0x000000002a853000 	/System/Library/Frameworks/Accelerate.framework/Versions/A/Frameworks/vecLib.framework/Versions/A/libvMisc.dylib
0x000000002a853000 	/System/Library/Frameworks/Accelerate.framework/Versions/A/Frameworks/vecLib.framework/Versions/A/libLAPACK.dylib
0x000000002a853000 	/System/Library/Frameworks/Accelerate.framework/Versions/A/Frameworks/vecLib.framework/Versions/A/libBLAS.dylib
0x000000002a853000 	/System/Library/Frameworks/Accelerate.framework/Versions/A/Frameworks/vecLib.framework/Versions/A/libLinearAlgebra.dylib
0x000000002a853000 	/System/Library/Frameworks/Accelerate.framework/Versions/A/Frameworks/vecLib.framework/Versions/A/libSparseBLAS.dylib
0x000000002a853000 	/System/Library/Frameworks/ApplicationServices.framework/Versions/A/Frameworks/ATS.framework/Versions/A/Resources/libFontParser.dylib
0x000000002a853000 	/System/Library/Frameworks/ApplicationServices.framework/Versions/A/Frameworks/ATS.framework/Versions/A/Resources/libFontRegistry.dylib
0x000000002a853000 	/System/Library/Frameworks/ImageIO.framework/Versions/A/Resources/libJPEG.dylib
0x000000002a853000 	/System/Library/Frameworks/ImageIO.framework/Versions/A/Resources/libTIFF.dylib
0x000000002a853000 	/System/Library/Frameworks/ImageIO.framework/Versions/A/Resources/libPng.dylib
0x000000002a853000 	/System/Library/Frameworks/ImageIO.framework/Versions/A/Resources/libGIF.dylib
0x000000002a853000 	/System/Library/Frameworks/ImageIO.framework/Versions/A/Resources/libJP2.dylib
0x000000002a853000 	/System/Library/Frameworks/ImageIO.framework/Versions/A/Resources/libRadiance.dylib
0x000000002a853000 	/usr/lib/libcompression.dylib
0x000000002a853000 	/System/Library/PrivateFrameworks/AppleJPEG.framework/Versions/A/AppleJPEG
0x000000002a853000 	/usr/lib/libcups.2.dylib
0x000000002a853000 	/System/Library/Frameworks/Kerberos.framework/Versions/A/Kerberos
0x000000002a853000 	/System/Library/Frameworks/GSS.framework/Versions/A/GSS
0x000000002a853000 	/usr/lib/libresolv.9.dylib
0x000000002a853000 	/usr/lib/libiconv.2.dylib
0x000000002a853000 	/System/Library/PrivateFrameworks/Heimdal.framework/Versions/A/Heimdal
0x000000002a853000 	/usr/lib/libheimdal-asn1.dylib
0x000000002a853000 	/System/Library/Frameworks/OpenDirectory.framework/Versions/A/OpenDirectory
0x000000002a853000 	/System/Library/PrivateFrameworks/CommonAuth.framework/Versions/A/CommonAuth
0x000000002a853000 	/System/Library/Frameworks/OpenDirectory.framework/Versions/A/Frameworks/CFOpenDirectory.framework/Versions/A/CFOpenDirectory
0x000000002a853000 	/System/Library/Frameworks/SecurityFoundation.framework/Versions/A/SecurityFoundation
0x000000002a853000 	/System/Library/PrivateFrameworks/LanguageModeling.framework/Versions/A/LanguageModeling
0x000000002a853000 	/usr/lib/libmarisa.dylib
0x000000002a853000 	/usr/lib/libChineseTokenizer.dylib
0x000000002a853000 	/usr/lib/libcmph.dylib
0x000000002a853000 	/System/Library/PrivateFrameworks/CoreEmoji.framework/Versions/A/CoreEmoji
0x000000002a853000 	/System/Library/Frameworks/ServiceManagement.framework/Versions/A/ServiceManagement
0x000000002a853000 	/usr/lib/libxslt.1.dylib
0x000000002a853000 	/System/Library/Frameworks/Carbon.framework/Versions/A/Frameworks/Ink.framework/Versions/A/Ink
0x000000002a853000 	/System/Library/PrivateFrameworks/TextureIO.framework/Versions/A/TextureIO
0x000000002a853000 	/System/Library/Frameworks/Metal.framework/Versions/A/Metal
0x000000002a853000 	/usr/lib/libate.dylib
0x000000002a853000 	/System/Library/PrivateFrameworks/GPUCompiler.framework/libmetal_timestamp.dylib
0x000000002a853000 	/System/Library/Frameworks/OpenGL.framework/Versions/A/Libraries/libCoreFSCache.dylib
0x000000002a853000 	/System/Library/PrivateFrameworks/IOAccelerator.framework/Versions/A/IOAccelerator
0x000000002a853000 	/System/Library/Frameworks/CoreVideo.framework/Versions/A/CoreVideo
0x000000002a853000 	/usr/lib/libFosl_dynamic.dylib
0x000000002a853000 	/System/Library/PrivateFrameworks/MetalPerformanceShaders.framework/Versions/A/MetalPerformanceShaders
0x000000002a853000 	/System/Library/PrivateFrameworks/FaceCore.framework/Versions/A/FaceCore
0x000000002a853000 	/System/Library/Frameworks/OpenCL.framework/Versions/A/OpenCL
0x000000002a853000 	/System/Library/Frameworks/OpenGL.framework/Versions/A/Libraries/libGLU.dylib
0x000000002a853000 	/System/Library/Frameworks/OpenGL.framework/Versions/A/Libraries/libGFXShared.dylib
0x000000002a853000 	/System/Library/Frameworks/OpenGL.framework/Versions/A/Libraries/libGL.dylib
0x000000002a853000 	/System/Library/Frameworks/OpenGL.framework/Versions/A/Libraries/libGLImage.dylib
0x000000002a853000 	/System/Library/Frameworks/OpenGL.framework/Versions/A/Libraries/libCVMSPluginSupport.dylib
0x000000002a853000 	/System/Library/Frameworks/OpenGL.framework/Versions/A/Libraries/libCoreVMClient.dylib
0x000000002a853000 	/System/Library/PrivateFrameworks/CrashReporterSupport.framework/Versions/A/CrashReporterSupport
0x000000002a853000 	/System/Library/PrivateFrameworks/Sharing.framework/Versions/A/Sharing
0x000000002a853000 	/System/Library/PrivateFrameworks/IconServices.framework/Versions/A/IconServices
0x000000002a853000 	/System/Library/PrivateFrameworks/ProtocolBuffer.framework/Versions/A/ProtocolBuffer
0x000000002a853000 	/System/Library/PrivateFrameworks/Apple80211.framework/Versions/A/Apple80211
0x000000002a853000 	/System/Library/Frameworks/CoreWLAN.framework/Versions/A/CoreWLAN
0x000000002a853000 	/System/Library/PrivateFrameworks/CoreUtils.framework/Versions/A/CoreUtils
0x000000002a853000 	/System/Library/Frameworks/IOBluetooth.framework/Versions/A/IOBluetooth
0x000000002a853000 	/System/Library/PrivateFrameworks/CoreWiFi.framework/Versions/A/CoreWiFi
0x000000002a853000 	/System/Library/Frameworks/CoreBluetooth.framework/Versions/A/CoreBluetooth
0x000000002a853000 	/System/Library/Frameworks/CoreDisplay.framework/Versions/A/CoreDisplay
0x000000002a853000 	/System/Library/PrivateFrameworks/IOPresentment.framework/Versions/A/IOPresentment
0x000000002a853000 	/System/Library/PrivateFrameworks/DSExternalDisplay.framework/Versions/A/DSExternalDisplay
0x000000002a853000 	/System/Library/PrivateFrameworks/DebugSymbols.framework/Versions/A/DebugSymbols
0x000000002a853000 	/System/Library/PrivateFrameworks/CoreSymbolication.framework/Versions/A/CoreSymbolication
0x000000002a853000 	/System/Library/PrivateFrameworks/Symbolication.framework/Versions/A/Symbolication
0x000000002a853000 	/System/Library/PrivateFrameworks/AppleFSCompression.framework/Versions/A/AppleFSCompression
0x000000002a853000 	/System/Library/PrivateFrameworks/SpeechRecognitionCore.framework/Versions/A/SpeechRecognitionCore
0x000000002a853000 	/System/Library/PrivateFrameworks/ChunkingLibrary.framework/Versions/A/ChunkingLibrary
0x000000010e7e4000 	/Library/Java/JavaVirtualMachines/jdk1.8.0_111.jdk/Contents/Home/jre/lib/server/libjvm.dylib
0x000000002a853000 	/usr/lib/libstdc++.6.dylib
0x000000010f785000 	/Library/Java/JavaVirtualMachines/jdk1.8.0_111.jdk/Contents/Home/jre/lib/libverify.dylib
0x000000010f793000 	/Library/Java/JavaVirtualMachines/jdk1.8.0_111.jdk/Contents/Home/jre/lib/libjava.dylib
0x000000010f7d2000 	/Library/Java/JavaVirtualMachines/jdk1.8.0_111.jdk/Contents/Home/jre/lib/libzip.dylib
0x000000011291b000 	/System/Library/Frameworks/JavaVM.framework/Frameworks/JavaRuntimeSupport.framework/JavaRuntimeSupport
0x0000000112935000 	/System/Library/Frameworks/JavaVM.framework/Versions/A/Frameworks/JavaNativeFoundation.framework/Versions/A/JavaNativeFoundation
0x000000011294a000 	/System/Library/Frameworks/JavaVM.framework/Versions/A/JavaVM
0x000000002a853000 	/System/Library/Frameworks/Carbon.framework/Versions/A/Carbon
0x0000000112957000 	/System/Library/PrivateFrameworks/JavaLaunching.framework/Versions/A/JavaLaunching
0x000000002a853000 	/System/Library/Frameworks/Carbon.framework/Versions/A/Frameworks/CommonPanels.framework/Versions/A/CommonPanels
0x000000002a853000 	/System/Library/Frameworks/Carbon.framework/Versions/A/Frameworks/Help.framework/Versions/A/Help
0x000000002a853000 	/System/Library/Frameworks/Carbon.framework/Versions/A/Frameworks/ImageCapture.framework/Versions/A/ImageCapture
0x000000002a853000 	/System/Library/Frameworks/Carbon.framework/Versions/A/Frameworks/OpenScripting.framework/Versions/A/OpenScripting
0x000000002a853000 	/System/Library/Frameworks/Carbon.framework/Versions/A/Frameworks/Print.framework/Versions/A/Print
0x000000002a853000 	/System/Library/Frameworks/Carbon.framework/Versions/A/Frameworks/SecurityHI.framework/Versions/A/SecurityHI
0x0000000112a41000 	/Library/Java/JavaVirtualMachines/jdk1.8.0_111.jdk/Contents/Home/jre/lib/libprism_es2.dylib
0x0000000112aa6000 	/System/Library/Frameworks/OpenGL.framework/Resources/GLEngine.bundle/GLEngine
0x000000002a853000 	/System/Library/Frameworks/OpenGL.framework/Versions/A/Libraries/libGLProgrammability.dylib
0x0000000112c8b000 	/System/Library/Extensions/AppleIntelBDWGraphicsGLDriver.bundle/Contents/MacOS/AppleIntelBDWGraphicsGLDriver
0x000000002a853000 	/System/Library/PrivateFrameworks/GPUSupport.framework/Versions/A/Libraries/libGPUSupportMercury.dylib
0x00000001133f8000 	/System/Library/Frameworks/OpenGL.framework/Resources//GLRendererFloat.bundle/GLRendererFloat
0x000000002a853000 	/System/Library/Frameworks/OpenCL.framework/Versions/A/Libraries/libcldcpuengine.dylib
0x000000002a853000 	/usr/lib/libcrypto.0.9.8.dylib
0x000000002a853000 	/System/Library/PrivateFrameworks/TrustEvaluationAgent.framework/Versions/A/TrustEvaluationAgent
0x000000011381b000 	/Library/Java/JavaVirtualMachines/jdk1.8.0_111.jdk/Contents/Home/jre/lib/libglass.dylib
0x000000002a853000 	/System/Library/PrivateFrameworks/CoreServicesInternal.framework/Versions/A/CoreServicesInternal
0x000000002a853000 	/System/Library/CoreServices/RawCamera.bundle/Contents/MacOS/RawCamera
0x000000002a853000 	/System/Library/Frameworks/Accelerate.framework/Versions/A/Frameworks/vImage.framework/Versions/A/Libraries/libCGInterfaces.dylib
0x000000002a853000 	/System/Library/PrivateFrameworks/FamilyControls.framework/Versions/A/FamilyControls
0x000000002a853000 	/System/Library/PrivateFrameworks/CommerceKit.framework/Versions/A/Frameworks/CommerceCore.framework/Versions/A/CommerceCore
0x000000002a853000 	/System/Library/PrivateFrameworks/SystemAdministration.framework/Versions/A/SystemAdministration
0x000000002a853000 	/System/Library/PrivateFrameworks/AppContainer.framework/Versions/A/AppContainer
0x000000002a853000 	/System/Library/PrivateFrameworks/SecCodeWrapper.framework/Versions/A/SecCodeWrapper
0x000000002a853000 	/System/Library/Frameworks/DirectoryService.framework/Versions/A/DirectoryService
0x000000002a853000 	/System/Library/PrivateFrameworks/DiskImages.framework/Versions/A/DiskImages
0x000000002a853000 	/System/Library/PrivateFrameworks/LoginUIKit.framework/Versions/A/Frameworks/LoginUICore.framework/Versions/A/LoginUICore
0x000000002a853000 	/usr/lib/libCoreStorage.dylib
0x000000002a853000 	/usr/lib/libcsfde.dylib
0x000000002a853000 	/usr/lib/libodfde.dylib
0x000000002a853000 	/System/Library/Frameworks/DiscRecording.framework/Versions/A/DiscRecording
0x000000002a853000 	/usr/lib/libcurl.4.dylib
0x000000002a853000 	/System/Library/PrivateFrameworks/MediaKit.framework/Versions/A/MediaKit
0x000000002a853000 	/System/Library/PrivateFrameworks/ProtectedCloudStorage.framework/Versions/A/ProtectedCloudStorage
0x000000002a853000 	/System/Library/PrivateFrameworks/EFILogin.framework/Versions/A/EFILogin
0x000000002a853000 	/usr/lib/libutil.dylib
0x000000002a853000 	/System/Library/Frameworks/LDAP.framework/Versions/A/LDAP
0x000000002a853000 	/usr/lib/libsasl2.2.dylib
0x000000002a853000 	/System/Library/PrivateFrameworks/CoreDaemon.framework/Versions/B/CoreDaemon
0x000000002a853000 	/System/Library/PrivateFrameworks/AppleSRP.framework/Versions/A/AppleSRP
0x000000002a853000 	/System/Library/PrivateFrameworks/APFS.framework/Versions/A/APFS
0x0000000113924000 	/Library/Java/JavaVirtualMachines/jdk1.8.0_111.jdk/Contents/Home/jre/lib/libjavafx_font.dylib
0x000000012b81d000 	/Library/Java/JavaVirtualMachines/jdk1.8.0_111.jdk/Contents/Home/jre/lib/libnet.dylib
0x000000002a853000 	/System/Library/Frameworks/ApplicationServices.framework/Versions/A/Frameworks/ATS.framework/Versions/A/Resources/libTrueTypeScaler.dylib
0x00000001304c0000 	/System/Library/Extensions/AppleIntelBDWGraphicsMTLDriver.bundle/Contents/MacOS/AppleIntelBDWGraphicsMTLDriver
0x000000012f98d000 	/Library/Java/JavaVirtualMachines/jdk1.8.0_111.jdk/Contents/Home/jre/lib/libprism_common.dylib
0x000000002a853000 	/System/Library/PrivateFrameworks/ViewBridge.framework/Versions/A/ViewBridge
0x000000002a853000 	/System/Library/PrivateFrameworks/XPCService.framework/Versions/A/XPCService
0x000000002a853000 	/System/Library/PrivateFrameworks/AppSandbox.framework/Versions/A/AppSandbox
0x000000002a853000 	/usr/lib/libsandbox.1.dylib
0x000000002a853000 	/usr/lib/libMatch.1.dylib

VM Arguments:
jvm_args: -Dfile.encoding=UTF-8 
java_command: /Users/jonathankoerber/Documents/School/Java applications/C195App/dist/run2078096777/C195App.jar
java_class_path (initial): /Users/jonathankoerber/Documents/School/Java applications/C195App/dist/run2078096777/C195App.jar
Launcher Type: SUN_STANDARD

Environment Variables:
PATH=/usr/bin:/bin:/usr/sbin:/sbin
LD_LIBRARY_PATH=/Library/Java/JavaVirtualMachines/jdk1.8.0_111.jdk/Contents/Home/jre/lib/amd64:/Library/Java/JavaVirtualMachines/jdk1.8.0_111.jdk/Contents/Home/jre/lib/i386:
SHELL=/bin/bash

Signal Handlers:
SIGSEGV: [libjvm.dylib+0x5b03ed], sa_mask[0]=11111111011111110111111111111111, sa_flags=SA_ONSTACK|SA_RESTART|SA_SIGINFO
SIGBUS: [libjvm.dylib+0x5b03ed], sa_mask[0]=11111111011111110111111111111111, sa_flags=SA_RESTART|SA_SIGINFO
SIGFPE: [libjvm.dylib+0x48711c], sa_mask[0]=11111111011111110111111111111111, sa_flags=SA_RESTART|SA_SIGINFO
SIGPIPE: [libjvm.dylib+0x48711c], sa_mask[0]=11111111011111110111111111111111, sa_flags=SA_RESTART|SA_SIGINFO
SIGXFSZ: [libjvm.dylib+0x48711c], sa_mask[0]=11111111011111110111111111111111, sa_flags=SA_RESTART|SA_SIGINFO
SIGILL: [libjvm.dylib+0x48711c], sa_mask[0]=11111111011111110111111111111111, sa_flags=SA_RESTART|SA_SIGINFO
SIGUSR1: SIG_DFL, sa_mask[0]=00000000000000000000000000000000, sa_flags=none
SIGUSR2: [libjvm.dylib+0x486c3a], sa_mask[0]=00100000000000000000000000000000, sa_flags=SA_RESTART|SA_SIGINFO
SIGHUP: [libjvm.dylib+0x485211], sa_mask[0]=11111111011111110111111111111111, sa_flags=SA_RESTART|SA_SIGINFO
SIGINT: SIG_IGN, sa_mask[0]=00000000000000000000000000000000, sa_flags=none
SIGTERM: [libjvm.dylib+0x485211], sa_mask[0]=11111111011111110111111111111111, sa_flags=SA_RESTART|SA_SIGINFO
SIGQUIT: [libjvm.dylib+0x485211], sa_mask[0]=11111111011111110111111111111111, sa_flags=SA_RESTART|SA_SIGINFO


---------------  S Y S T E M  ---------------

OS:Bsduname:Darwin 16.7.0 Darwin Kernel Version 16.7.0: Thu Jun 15 17:36:27 PDT 2017; root:xnu-3789.70.16~2/RELEASE_X86_64 x86_64
rlimit: STACK 8192k, CORE 0k, NPROC 709, NOFILE 10240, AS infinity
load average:7.24 3.26 1.31

CPU:total 4 (2 cores per cpu, 2 threads per core) family 6 model 61 stepping 4, cmov, cx8, fxsr, mmx, sse, sse2, sse3, ssse3, sse4.1, sse4.2, popcnt, avx, avx2, aes, clmul, erms, 3dnowpref, lzcnt, ht, tsc, tscinvbit, bmi1, bmi2, adx

Memory: 4k page, physical 8388608k(3883556k free)

/proc/meminfo:


vm_info: Java HotSpot(TM) 64-Bit Server VM (25.111-b14) for bsd-amd64 JRE (1.8.0_111-b14), built on Sep 22 2016 15:31:41 by "java_re" with gcc 4.2.1 (Based on Apple Inc. build 5658) (LLVM build 2336.11.00)

time: Sat Sep 30 12:30:14 2017
elapsed time: 8 seconds (0d 0h 0m 8s)

